Watching for file changes with StatReloader
Internal Server Error: /charge_point/session/
Traceback (most recent call last):
  File "/Users/nafee.zahid/Desktop/rootForHardDisk/personal/Career/recruitmentsInDifferentCompanies/chargePoint/asynchronous-service-communication/.venv/lib/python3.9/site-packages/django/core/handlers/exception.py", line 55, in inner
    response = get_response(request)
  File "/Users/nafee.zahid/Desktop/rootForHardDisk/personal/Career/recruitmentsInDifferentCompanies/chargePoint/asynchronous-service-communication/.venv/lib/python3.9/site-packages/django/core/handlers/base.py", line 197, in _get_response
    response = wrapped_callback(request, *callback_args, **callback_kwargs)
  File "/Users/nafee.zahid/Desktop/rootForHardDisk/personal/Career/recruitmentsInDifferentCompanies/chargePoint/asynchronous-service-communication/.venv/lib/python3.9/site-packages/django/views/decorators/csrf.py", line 56, in wrapper_view
    return view_func(*args, **kwargs)
  File "/Users/nafee.zahid/Desktop/rootForHardDisk/personal/Career/recruitmentsInDifferentCompanies/chargePoint/asynchronous-service-communication/asynchronous_service_communication/views.py", line 15, in post_session
    logger.info(f"POST session request: {request.body}")
NameError: name 'logger' is not defined
"POST /charge_point/session/ HTTP/1.1" 500 65531
/Users/nafee.zahid/Desktop/rootForHardDisk/personal/Career/recruitmentsInDifferentCompanies/chargePoint/asynchronous-service-communication/asynchronous_service_communication/views.py changed, reloading.
Watching for file changes with StatReloader
"POST /charge_point/session/ HTTP/1.1" 200 133
/Users/nafee.zahid/Desktop/rootForHardDisk/personal/Career/recruitmentsInDifferentCompanies/chargePoint/asynchronous-service-communication/asynchronous_service_communication/views.py changed, reloading.
Watching for file changes with StatReloader
"POST /charge_point/session/ HTTP/1.1" 200 133
"POST /charge_point/session/ HTTP/1.1" 200 133
"POST /charge_point/session/ HTTP/1.1" 200 133
/Users/nafee.zahid/Desktop/rootForHardDisk/personal/Career/recruitmentsInDifferentCompanies/chargePoint/asynchronous-service-communication/asynchronous_service_communication/callback.py changed, reloading.
Watching for file changes with StatReloader
/Users/nafee.zahid/Desktop/rootForHardDisk/personal/Career/recruitmentsInDifferentCompanies/chargePoint/asynchronous-service-communication/asynchronous_service_communication/models.py changed, reloading.
Watching for file changes with StatReloader
/Users/nafee.zahid/Desktop/rootForHardDisk/personal/Career/recruitmentsInDifferentCompanies/chargePoint/asynchronous-service-communication/asynchronous_service_communication/models.py changed, reloading.
Watching for file changes with StatReloader
/Users/nafee.zahid/Desktop/rootForHardDisk/personal/Career/recruitmentsInDifferentCompanies/chargePoint/asynchronous-service-communication/asynchronous_service_communication/__init__.py changed, reloading.
Watching for file changes with StatReloader
/Users/nafee.zahid/Desktop/rootForHardDisk/personal/Career/recruitmentsInDifferentCompanies/chargePoint/asynchronous-service-communication/asynchronous_service_communication/decision_data_access.py changed, reloading.
Watching for file changes with StatReloader
/Users/nafee.zahid/Desktop/rootForHardDisk/personal/Career/recruitmentsInDifferentCompanies/chargePoint/asynchronous-service-communication/asynchronous_service_communication/tasks.py changed, reloading.
Watching for file changes with StatReloader
/Users/nafee.zahid/Desktop/rootForHardDisk/personal/Career/recruitmentsInDifferentCompanies/chargePoint/asynchronous-service-communication/asynchronous_service_communication/tasks.py changed, reloading.
Watching for file changes with StatReloader
/Users/nafee.zahid/Desktop/rootForHardDisk/personal/Career/recruitmentsInDifferentCompanies/chargePoint/asynchronous-service-communication/asynchronous_service_communication/decision_data_access.py changed, reloading.
Watching for file changes with StatReloader
/Users/nafee.zahid/Desktop/rootForHardDisk/personal/Career/recruitmentsInDifferentCompanies/chargePoint/asynchronous-service-communication/asynchronous_service_communication/decision_data_access.py changed, reloading.
Watching for file changes with StatReloader
/Users/nafee.zahid/Desktop/rootForHardDisk/personal/Career/recruitmentsInDifferentCompanies/chargePoint/asynchronous-service-communication/asynchronous_service_communication/decision_data_access.py changed, reloading.
Watching for file changes with StatReloader
/Users/nafee.zahid/Desktop/rootForHardDisk/personal/Career/recruitmentsInDifferentCompanies/chargePoint/asynchronous-service-communication/asynchronous_service_communication/decision_data_access.py changed, reloading.
Watching for file changes with StatReloader
/Users/nafee.zahid/Desktop/rootForHardDisk/personal/Career/recruitmentsInDifferentCompanies/chargePoint/asynchronous-service-communication/asynchronous_service_communication/urls.py changed, reloading.
Watching for file changes with StatReloader
/Users/nafee.zahid/Desktop/rootForHardDisk/personal/Career/recruitmentsInDifferentCompanies/chargePoint/asynchronous-service-communication/asynchronous_service_communication/settings.py changed, reloading.
Watching for file changes with StatReloader
/Users/nafee.zahid/Desktop/rootForHardDisk/personal/Career/recruitmentsInDifferentCompanies/chargePoint/asynchronous-service-communication/asynchronous_service_communication/helper.py changed, reloading.
Watching for file changes with StatReloader
/Users/nafee.zahid/Desktop/rootForHardDisk/personal/Career/recruitmentsInDifferentCompanies/chargePoint/asynchronous-service-communication/asynchronous_service_communication/tasks.py changed, reloading.
Watching for file changes with StatReloader
/Users/nafee.zahid/Desktop/rootForHardDisk/personal/Career/recruitmentsInDifferentCompanies/chargePoint/asynchronous-service-communication/asynchronous_service_communication/settings.py changed, reloading.
Watching for file changes with StatReloader
/Users/nafee.zahid/Desktop/rootForHardDisk/personal/Career/recruitmentsInDifferentCompanies/chargePoint/asynchronous-service-communication/asynchronous_service_communication/tasks.py changed, reloading.
Watching for file changes with StatReloader
/Users/nafee.zahid/Desktop/rootForHardDisk/personal/Career/recruitmentsInDifferentCompanies/chargePoint/asynchronous-service-communication/asynchronous_service_communication/decision_data_access.py changed, reloading.
Watching for file changes with StatReloader
/Users/nafee.zahid/Desktop/rootForHardDisk/personal/Career/recruitmentsInDifferentCompanies/chargePoint/asynchronous-service-communication/asynchronous_service_communication/callback.py changed, reloading.
Watching for file changes with StatReloader
/Users/nafee.zahid/Desktop/rootForHardDisk/personal/Career/recruitmentsInDifferentCompanies/chargePoint/asynchronous-service-communication/asynchronous_service_communication/callback.py changed, reloading.
Watching for file changes with StatReloader
