POST session request: b'{\n    "station_id": "123e4567-e89b-12d3-a456-426614174000",\n    "driver_token": "validDriverToken1234567",\n    "callback_url": "https://webhook.site/a02530e4-62e6-433b-ae31-d1392e823f12"\n}'
in post session {'station_id': '123e4567-e89b-12d3-a456-426614174000', 'driver_token': 'validDriverToken1234567', 'callback_url': 'https://webhook.site/a02530e4-62e6-433b-ae31-d1392e823f12'}
POST session request: b'{\n    "station_id": "123e4567-e89b-12d3-a456-426614174000",\n    "driver_token": "validDriverToken1234567",\n    "callback_url": "https://webhook.site/a02530e4-62e6-433b-ae31-d1392e823f12"\n}'
POST session request: b'{\n    "station_id": "123e4567-e89b-12d3-a456-426614174000",\n    "driver_token": "validDriverToken1234567",\n    "callback_url": "https://webhook.site/a02530e4-62e6-433b-ae31-d1392e823f12"\n}'
POST session request: b'{\n    "station_id": "123e4567-e89b-12d3-a456-426614174000",\n    "driver_token": "validDriverToken1234567",\n    "callback_url": "https://webhook.site/a02530e4-62e6-433b-ae31-d1392e823f12"\n}'
POST session request: b'{\n                "station_id": "123e4567-e89b-12d3-a456-42661417400",\n                "driver_token": "valid",\n                "callback_url": "https://webhook.site/a02530e4-62e6-433b-ae31-d1392e823f12"\n            }'
POST session request: b'{\n                "station_id": "123e4567-e89b-12d3-a456-42661417400",\n                "driver_token": "valid",\n                "callback_url": "https://webhook.site/a02530e4-62e6-433b-ae31-d1392e823f12"\n            }'
POST session request: b'{\n                "station_id": "123e4567-e89b-12d3-a456-426614174000",\n                "driver_token": "validDriverToken1234567",\n                "callback_url": "https://webhook.site/a02530e4-62e6-433b-ae31-d1392e823f12"\n            }'
POST session request: b'{\n                "station_id": "123e4567-e89b-12d3-a456-426614174000",\n                "driver_token": "validDriverToken1234567",\n                "callback_url": "https://webhook.site/a02530e4-62e6-433b-ae31-d1392e823f12"\n            }'
POST session request: b'{\n                "station_id": "123e4567-e89b-12d3-a456-426614174000",\n                "driver_token": "validDriverToken1234567",\n                "callback_url": "https://webhook.site/a02530e4-62e6-433b-ae31-d1392e823f12"\n            }'
POST session request: b'{\n                "station_id": "123e4567-e89b-12d3-a456-426614174000",\n                "driver_token": "validDriverToken1234567",\n                "callback_url": "https://webhook.site/a02530e4-62e6-433b-ae31-d1392e823f12"\n            }'
POST session request: b'{\n                "station_id": "123e4567-e89b-12d3-a456-426614174000",\n                "driver_token": "validDriverToken1234567",\n                "callback_url": "https://webhook.site/a02530e4-62e6-433b-ae31-d1392e823f12"\n            }'
POST session request: b'{\n                "station_id": "123e4567-e89b-12d3-a456-426614174000",\n                "driver_token": "validDriverToken1234567",\n                "callback_url": "https://webhook.site/a02530e4-62e6-433b-ae31-d1392e823f12"\n            }'
POST session request: {'station_id': '123e4567-e89b-12d3-a456-426614174000', 'driver_token': 'validDriverToken1234567', 'callback_url': 'https://webhook.site/a02530e4-62e6-433b-ae31-d1392e823f12'}
POST session request: {'station_id': '123e4567-e89b-12d3-a456-426614174000', 'driver_token': 'validDriverToken1234567', 'callback_url': 'https://webhook.site/a02530e4-62e6-433b-ae31-d1392e823f12'}
POST session request: {'station_id': '123e4567-e89b-12d3-a456-426614174000', 'driver_token': 'validDriverToken1234567', 'callback_url': 'https://webhook.site/a02530e4-62e6-433b-ae31-d1392e823f12'}
saved decision instance: {decision_instance}
passed decision instance to the internal authorization service 
POST session request: {'station_id': '123e4567-e89b-12d3-a456-426614174000', 'driver_token': 'validDriverToken1234567', 'callback_url': 'https://webhook.site/a02530e4-62e6-433b-ae31-d1392e823f12'}
saved decision instance: 

primary key = 8, 
station_id = 123e4567-e89b-12d3-a456-426614174000, 
driver_token = validDriverToken1234567,  
created_at = 2025-06-09 10:24:08.729037+00:00, 
decision = DecisionTypes.UNKNOWN, 
 updated_at = 2025-06-09 10:24:08.729056+00:00, 
callback_url = https://webhook.site/a02530e4-62e6-433b-ae31-d1392e823f12, 
decision_taken_by = , 



passed decision instance to the internal authorization service 
POST session request: {'station_id': '123e4567-e89b-12d3-a456-426614174000', 'driver_token': 'validDriverToken1234567', 'callback_url': 'https://webhook.site/a02530e4-62e6-433b-ae31-d1392e823f12'}
saved decision instance: 

primary key = 9, 
station_id = 123e4567-e89b-12d3-a456-426614174000, 
driver_token = validDriverToken1234567,  
created_at = 2025-06-09 10:25:43.997344+00:00, 
decision = DecisionTypes.UNKNOWN, 
updated_at = 2025-06-09 10:25:43.997365+00:00, 
callback_url = https://webhook.site/a02530e4-62e6-433b-ae31-d1392e823f12, 
decision_taken_by = , 



passed decision instance to the internal authorization service 
